<?xml version="1.0" encoding="UTF-8"?>
<!-- Generated by org.testng.reporters.JUnitReportReporter -->
<testsuite hostname="AnKusH" name="com.testng.Logout" tests="1" failures="0" timestamp="2 Jul 2019 04:36:41 GMT" time="24.946" errors="0">
  <testcase name="logout" time="24.946" classname="com.testng.Logout"/>
</testsuite> <!-- com.testng.Logout -->
