<?xml version="1.0" encoding="UTF-8"?>
<!-- Generated by org.testng.reporters.JUnitReportReporter -->
<testsuite hostname="AnKusH" name="com.testng.Login" tests="1" failures="0" timestamp="28 May 2019 17:36:06 GMT" time="28.619" errors="0">
  <testcase name="login" time="28.619" classname="com.testng.Login"/>
</testsuite> <!-- com.testng.Login -->
