<?xml version="1.0" encoding="UTF-8"?>
<!-- Generated by org.testng.reporters.JUnitReportReporter -->
<testsuite hostname="AnKusH" name="com.testng.ParamTest" tests="1" failures="0" timestamp="28 May 2019 12:31:23 GMT" time="21.320" errors="0">
  <testcase name="verifyLogin" time="21.320" classname="com.testng.ParamTest"/>
</testsuite> <!-- com.testng.ParamTest -->
