<?xml version="1.0" encoding="UTF-8"?>
<!-- Generated by org.testng.reporters.JUnitReportReporter -->
<testsuite hostname="AnKusH" name="com.testng.Assignleave" tests="1" failures="0" timestamp="9 Dec 2019 02:29:01 GMT" time="23.565" errors="0">
  <testcase name="assignLeave" time="23.565" classname="com.testng.Assignleave"/>
</testsuite> <!-- com.testng.Assignleave -->
