<?xml version="1.0" encoding="UTF-8"?>
<!-- Generated by org.testng.reporters.JUnitReportReporter -->
<testsuite hostname="AnKusH" name="com.testng.FetchDataScript" tests="3" failures="0" timestamp="26 May 2019 06:34:27 GMT" time="0.016" errors="0">
  <testcase name="displayData" time="0.002" classname="com.testng.FetchDataScript"/>
  <testcase name="displayData" time="0.003" classname="com.testng.FetchDataScript"/>
  <testcase name="displayData" time="0.011" classname="com.testng.FetchDataScript"/>
</testsuite> <!-- com.testng.FetchDataScript -->
