<?xml version="1.0" encoding="UTF-8"?>
<!-- Generated by org.testng.reporters.JUnitReportReporter -->
<testsuite hostname="AnKusH" name="com.testng.ABC" tests="1" failures="0" timestamp="27 May 2019 12:54:04 GMT" time="20.260" errors="0">
  <testcase name="assignLeave" time="20.260" classname="com.testng.ABC"/>
</testsuite> <!-- com.testng.ABC -->
