<?xml version="1.0" encoding="UTF-8"?>
<!-- Generated by org.testng.reporters.JUnitReportReporter -->
<testsuite hostname="AnKusH" name="com.testng.SimpleLogin" tests="1" failures="0" timestamp="28 May 2019 12:32:49 GMT" time="21.614" errors="0">
  <testcase name="login" time="21.614" classname="com.testng.SimpleLogin"/>
</testsuite> <!-- com.testng.SimpleLogin -->
