<?xml version="1.0" encoding="UTF-8"?>
<!-- Generated by org.testng.reporters.JUnitReportReporter -->
<testsuite hostname="AnKusH" name="com.TestNG.TestNG_01" tests="1" failures="0" timestamp="2 Oct 2019 04:15:20 GMT" time="23.037" errors="0">
  <testcase name="googleTest" time="23.037" classname="com.TestNG.TestNG_01"/>
</testsuite> <!-- com.TestNG.TestNG_01 -->
