<?xml version="1.0" encoding="UTF-8"?>
<!-- Generated by org.testng.reporters.JUnitReportReporter -->
<testsuite hostname="AnKusH" name="com.qa.tests.TestNG_Class" tests="1" failures="0" timestamp="7 Oct 2019 05:57:23 GMT" time="0.016" errors="0">
  <testcase name="getName" time="0.016" classname="com.qa.tests.TestNG_Class"/>
</testsuite> <!-- com.qa.tests.TestNG_Class -->
