<?xml version="1.0" encoding="UTF-8"?>
<!-- Generated by org.testng.reporters.JUnitReportReporter -->
<testsuite hostname="AnKusH" name="com.googlesearch.TestNG.TC_01" tests="1" failures="0" timestamp="26 Dec 2019 04:14:47 GMT" time="31.690" errors="0">
  <testcase name="googleTest" time="31.690" classname="com.googlesearch.TestNG.TC_01"/>
</testsuite> <!-- com.googlesearch.TestNG.TC_01 -->
