<?xml version="1.0" encoding="UTF-8"?>
<!-- Generated by org.testng.reporters.JUnitReportReporter -->
<testsuite hostname="AnKusH" name="com.qa.tests.Login" tests="2" failures="0" timestamp="26 Dec 2019 04:17:25 GMT" time="0.038" errors="0">
  <testcase name="login" time="0.022" classname="com.qa.tests.Login"/>
  <testcase name="login1" time="0.016" classname="com.qa.tests.Login"/>
</testsuite> <!-- com.qa.tests.Login -->
