<?xml version="1.0" encoding="UTF-8"?>
<!-- Generated by org.testng.reporters.JUnitReportReporter -->
<testsuite hostname="AnKusH" name="com.qa.tests2.GoogleSearchTestNGCase" tests="1" failures="0" timestamp="7 Oct 2019 04:24:37 GMT" time="9.551" errors="0">
  <testcase name="googlePageTest" time="9.551" classname="com.qa.tests2.GoogleSearchTestNGCase"/>
</testsuite> <!-- com.qa.tests2.GoogleSearchTestNGCase -->
