<?xml version="1.0" encoding="UTF-8"?>
<!-- Generated by org.testng.reporters.JUnitReportReporter -->
<testsuite hostname="AnKusH" name="com.crm.qa.testcases.LoginPageTest" tests="2" failures="0" timestamp="30 Sep 2019 10:41:24 GMT" time="45.563" errors="0">
  <testcase name="loginPageTitleTest" time="21.195" classname="com.crm.qa.testcases.LoginPageTest"/>
  <testcase name="loginTest" time="24.368" classname="com.crm.qa.testcases.LoginPageTest"/>
</testsuite> <!-- com.crm.qa.testcases.LoginPageTest -->
