<?xml version="1.0" encoding="UTF-8"?>
<!-- Generated by org.testng.reporters.JUnitReportReporter -->
<testsuite hostname="AnKusH" name="com.crm.qa.testcases.HomePageTest" tests="4" failures="0" timestamp="21 Sep 2019 09:46:45 GMT" time="114.225" errors="0">
  <testcase name="verifyContactsLink" time="23.466" classname="com.crm.qa.testcases.HomePageTest"/>
  <testcase name="verifyHomePageTitleTest" time="23.255" classname="com.crm.qa.testcases.HomePageTest"/>
  <testcase name="verifyUser" time="30.168" classname="com.crm.qa.testcases.HomePageTest"/>
  <testcase name="verifyDealsPageLink" time="37.336" classname="com.crm.qa.testcases.HomePageTest"/>
</testsuite> <!-- com.crm.qa.testcases.HomePageTest -->
