<?xml version="1.0" encoding="UTF-8"?>
<!-- Generated by org.testng.reporters.JUnitReportReporter -->
<testsuite hostname="AnKusH" name="TestNGTestCases.TC_06_BeforeTest" tests="2" failures="0" timestamp="9 Sep 2019 04:18:10 GMT" time="0.006" errors="0">
  <testcase name="select" time="0.001" classname="TestNGTestCases.TC_06_BeforeTest"/>
  <testcase name="click" time="0.005" classname="TestNGTestCases.TC_06_BeforeTest"/>
</testsuite> <!-- TestNGTestCases.TC_06_BeforeTest -->
