<?xml version="1.0" encoding="UTF-8"?>
<!-- Generated by org.testng.reporters.JUnitReportReporter -->
<testsuite hostname="AnKusH" name="TestNGPractice.Basics" tests="1" failures="0" timestamp="28 Jul 2019 06:52:23 GMT" time="0.007" errors="0">
  <testcase name="getPageTitle" time="0.007" classname="TestNGPractice.Basics"/>
</testsuite> <!-- TestNGPractice.Basics -->
