<?xml version="1.0" encoding="UTF-8"?>
<!-- Generated by org.testng.reporters.JUnitReportReporter -->
<testsuite hostname="AnKusH" name="TestNGPractice.NewTest4" tests="7" failures="0" timestamp="21 Dec 2019 09:49:51 GMT" time="112.139" errors="0">
  <testcase name="verifyGoogleTitle" time="4.070" classname="TestNGPractice.NewTest4"/>
  <testcase name="verifyGcritTitle" time="4.507" classname="TestNGPractice.NewTest4"/>
  <testcase name="verifyAudiTitle" time="14.876" classname="TestNGPractice.NewTest4"/>
  <testcase name="verifySkodaTitle" time="63.055" classname="TestNGPractice.NewTest4"/>
  <testcase name="verifyMercedesTitle" time="14.040" classname="TestNGPractice.NewTest4"/>
  <testcase name="launchBrowser" time="11.291" classname="TestNGPractice.NewTest4"/>
  <testcase name="closeBrowser" time="0.300" classname="TestNGPractice.NewTest4"/>
</testsuite> <!-- TestNGPractice.NewTest4 -->
