<?xml version="1.0" encoding="UTF-8"?>
<!-- Generated by org.testng.reporters.JUnitReportReporter -->
<testsuite hostname="AnKusH" name="TestNGPractice.NewTest5" tests="4" failures="0" timestamp="21 Jul 2019 05:40:23 GMT" time="0.012" errors="0">
  <testcase name="search" time="0.000" classname="TestNGPractice.NewTest5"/>
  <testcase name="logout" time="0.000" classname="TestNGPractice.NewTest5"/>
  <testcase name="select" time="0.000" classname="TestNGPractice.NewTest5"/>
  <testcase name="login" time="0.012" classname="TestNGPractice.NewTest5"/>
</testsuite> <!-- TestNGPractice.NewTest5 -->
