<?xml version="1.0" encoding="UTF-8"?>
<!-- Generated by org.testng.reporters.JUnitReportReporter -->
<testsuite hostname="AnKusH" name="ChromeDriver.PageTest" tests="1" failures="0" timestamp="14 Jul 2019 05:24:07 GMT" time="37.654" errors="0">
  <testcase name="testMethod" time="37.654" classname="ChromeDriver.PageTest"/>
</testsuite> <!-- ChromeDriver.PageTest -->
