<?xml version="1.0" encoding="UTF-8"?>
<!-- Generated by org.testng.reporters.JUnitReportReporter -->
<testsuite hostname="AnKusH" name="TestNGTestCases.TC_08" tests="3" failures="0" timestamp="21 Dec 2019 08:56:27 GMT" time="0.000" errors="0">
  <testcase name="wishlist" time="0.000" classname="TestNGTestCases.TC_08"/>
  <testcase name="search" time="0.000" classname="TestNGTestCases.TC_08"/>
  <testcase name="remove" time="0.000" classname="TestNGTestCases.TC_08"/>
</testsuite> <!-- TestNGTestCases.TC_08 -->
