<?xml version="1.0" encoding="UTF-8"?>
<!-- Generated by org.testng.reporters.JUnitReportReporter -->
<testsuite hostname="AnKusH" name="TestNGPractice.UseOfThread3" tests="4" failures="0" timestamp="21 Jul 2019 05:28:36 GMT" time="0.025" errors="0">
  <testcase name="testCase10" time="0.015" classname="TestNGPractice.UseOfThread3"/>
  <testcase name="testCase9" time="0.005" classname="TestNGPractice.UseOfThread3"/>
  <testcase name="testCase12" time="0.000" classname="TestNGPractice.UseOfThread3"/>
  <testcase name="testCase11" time="0.005" classname="TestNGPractice.UseOfThread3"/>
</testsuite> <!-- TestNGPractice.UseOfThread3 -->
