<?xml version="1.0" encoding="UTF-8"?>
<!-- Generated by org.testng.reporters.JUnitReportReporter -->
<testsuite hostname="AnKusH" name="TestNGTestCases.TC_15_DataProvider" tests="1" failures="0" timestamp="11 Sep 2019 10:27:34 GMT" time="28.836" errors="0">
  <testcase name="launchBrowser" time="28.836" classname="TestNGTestCases.TC_15_DataProvider"/>
</testsuite> <!-- TestNGTestCases.TC_15_DataProvider -->
