<?xml version="1.0" encoding="UTF-8"?>
<!-- Generated by org.testng.reporters.JUnitReportReporter -->
<testsuite hostname="AnKusH" name="TestNGPractice.UseOfThread4" tests="4" failures="0" timestamp="21 Jul 2019 05:28:36 GMT" time="0.025" errors="0">
  <testcase name="testCase16" time="0.005" classname="TestNGPractice.UseOfThread4"/>
  <testcase name="testCase14" time="0.005" classname="TestNGPractice.UseOfThread4"/>
  <testcase name="testCase13" time="0.015" classname="TestNGPractice.UseOfThread4"/>
  <testcase name="testCase15" time="0.000" classname="TestNGPractice.UseOfThread4"/>
</testsuite> <!-- TestNGPractice.UseOfThread4 -->
