<?xml version="1.0" encoding="UTF-8"?>
<!-- Generated by org.testng.reporters.JUnitReportReporter -->
<testsuite hostname="AnKusH" name="cssSelectors.OrangrehrmLogin" tests="1" failures="0" timestamp="21 Oct 2019 11:48:56 GMT" time="21.289" errors="0">
  <testcase name="login" time="21.289" classname="cssSelectors.OrangrehrmLogin"/>
</testsuite> <!-- cssSelectors.OrangrehrmLogin -->
