<?xml version="1.0" encoding="UTF-8"?>
<!-- Generated by org.testng.reporters.JUnitReportReporter -->
<testsuite hostname="AnKusH" name="TestNGTestCases.TC_03_MutipleTestCases2" tests="3" failures="0" timestamp="7 Sep 2019 10:37:25 GMT" time="0.010" errors="0">
  <testcase name="login" time="0.010" classname="TestNGTestCases.TC_03_MutipleTestCases2"/>
  <testcase name="run" time="0.000" classname="TestNGTestCases.TC_03_MutipleTestCases2"/>
  <testcase name="logout" time="0.000" classname="TestNGTestCases.TC_03_MutipleTestCases2"/>
</testsuite> <!-- TestNGTestCases.TC_03_MutipleTestCases2 -->
