<?xml version="1.0" encoding="UTF-8"?>
<!-- Generated by org.testng.reporters.JUnitReportReporter -->
<testsuite hostname="AnKusH" name="TestNGTestCases.TC_04_BeforeClass" tests="2" failures="0" timestamp="9 Sep 2019 04:08:35 GMT" time="0.006" errors="0">
  <testcase name="select" time="0.001" classname="TestNGTestCases.TC_04_BeforeClass"/>
  <testcase name="click" time="0.005" classname="TestNGTestCases.TC_04_BeforeClass"/>
</testsuite> <!-- TestNGTestCases.TC_04_BeforeClass -->
