<?xml version="1.0" encoding="UTF-8"?>
<!-- Generated by org.testng.reporters.JUnitReportReporter -->
<testsuite hostname="AnKusH" name="TestNGTestCases.TC_07" tests="3" failures="0" timestamp="21 Dec 2019 08:56:27 GMT" time="0.000" errors="0">
  <testcase name="searchItem" time="0.000" classname="TestNGTestCases.TC_07"/>
  <testcase name="selectItem" time="0.000" classname="TestNGTestCases.TC_07"/>
  <testcase name="makePayment" time="0.000" classname="TestNGTestCases.TC_07"/>
</testsuite> <!-- TestNGTestCases.TC_07 -->
