<?xml version="1.0" encoding="UTF-8"?>
<!-- Generated by org.testng.reporters.JUnitReportReporter -->
<testsuite hostname="AnKusH" name="TestNGTestCases.TC_13_ParallelTests" tests="4" failures="0" timestamp="21 Dec 2019 10:05:36 GMT" time="0.028" errors="0">
  <testcase name="tc_01" time="0.016" classname="TestNGTestCases.TC_13_ParallelTests"/>
  <testcase name="tc_03" time="0.004" classname="TestNGTestCases.TC_13_ParallelTests"/>
  <testcase name="tc_04" time="0.000" classname="TestNGTestCases.TC_13_ParallelTests"/>
  <testcase name="tc_02" time="0.008" classname="TestNGTestCases.TC_13_ParallelTests"/>
</testsuite> <!-- TestNGTestCases.TC_13_ParallelTests -->
