<?xml version="1.0" encoding="UTF-8"?>
<!-- Generated by org.testng.reporters.JUnitReportReporter -->
<testsuite hostname="AnKusH" name="OrangeHRM.CrossBrowser_Test" tests="3" failures="0" timestamp="3 Jan 2020 11:00:46 GMT" time="44.307" errors="0">
  <testcase name="verifyTitle" time="18.943" classname="OrangeHRM.CrossBrowser_Test"/>
  <testcase name="verifyTitle" time="19.909" classname="OrangeHRM.CrossBrowser_Test"/>
  <testcase name="verifyTitle" time="5.455" classname="OrangeHRM.CrossBrowser_Test"/>
</testsuite> <!-- OrangeHRM.CrossBrowser_Test -->
