<?xml version="1.0" encoding="UTF-8"?>
<!-- Generated by org.testng.reporters.JUnitReportReporter -->
<testsuite hostname="AnKusH" name="TestNGTestCases.TC_10" tests="4" failures="0" timestamp="9 Sep 2019 09:40:24 GMT" time="0.020" errors="0">
  <testcase name="login" time="0.015" classname="TestNGTestCases.TC_10"/>
  <testcase name="logout" time="0.005" classname="TestNGTestCases.TC_10"/>
  <testcase name="advancedSearch" time="0.000" classname="TestNGTestCases.TC_10"/>
  <testcase name="prepaidRecharge" time="0.000" classname="TestNGTestCases.TC_10"/>
</testsuite> <!-- TestNGTestCases.TC_10 -->
