<?xml version="1.0" encoding="UTF-8"?>
<!-- Generated by org.testng.reporters.JUnitReportReporter -->
<testsuite hostname="AnKusH" name="TestNGPractice.NewTest" tests="3" failures="0" timestamp="22 Jul 2019 04:58:40 GMT" time="50.716" errors="0">
  <testcase name="verifyGcritTitle" time="14.781" classname="TestNGPractice.NewTest"/>
  <testcase name="verifyGoogleTitle" time="11.214" classname="TestNGPractice.NewTest"/>
  <testcase name="verifyYahooTitle" time="24.721" classname="TestNGPractice.NewTest"/>
</testsuite> <!-- TestNGPractice.NewTest -->
