<?xml version="1.0" encoding="UTF-8"?>
<!-- Generated by org.testng.reporters.JUnitReportReporter -->
<testsuite hostname="AnKusH" name="TestNGTestCases.TC_02_MutipleTestCases" tests="3" failures="0" timestamp="7 Sep 2019 10:33:09 GMT" time="0.012" errors="0">
  <testcase name="login" time="0.012" classname="TestNGTestCases.TC_02_MutipleTestCases"/>
  <testcase name="logout" time="0.000" classname="TestNGTestCases.TC_02_MutipleTestCases"/>
  <testcase name="run" time="0.000" classname="TestNGTestCases.TC_02_MutipleTestCases"/>
</testsuite> <!-- TestNGTestCases.TC_02_MutipleTestCases -->
