<?xml version="1.0" encoding="UTF-8"?>
<!-- Generated by org.testng.reporters.JUnitReportReporter -->
<testsuite hostname="AnKusH" name="com.TestNGPractice.TestNGBasics" tests="1" failures="0" timestamp="24 May 2019 11:58:51 GMT" time="0.007" errors="0">
  <testcase name="googleTitleTest" time="0.007" classname="com.TestNGPractice.TestNGBasics"/>
</testsuite> <!-- com.TestNGPractice.TestNGBasics -->
