<?xml version="1.0" encoding="UTF-8"?>
<!-- Generated by org.testng.reporters.JUnitReportReporter -->
<testsuite hostname="AnKusH" name="TestNGTestCases.TC_04_BeforeTest" tests="2" failures="0" timestamp="7 Sep 2019 10:48:47 GMT" time="0.010" errors="0">
  <testcase name="click" time="0.005" classname="TestNGTestCases.TC_04_BeforeTest"/>
  <testcase name="select" time="0.005" classname="TestNGTestCases.TC_04_BeforeTest"/>
</testsuite> <!-- TestNGTestCases.TC_04_BeforeTest -->
