<?xml version="1.0" encoding="UTF-8"?>
<!-- Generated by org.testng.reporters.JUnitReportReporter -->
<testsuite hostname="AnKusH" name="TestNGTestCases.TC_12_Rediffmail" tests="4" failures="0" timestamp="11 Sep 2019 11:24:01 GMT" time="88.705" errors="0">
  <testcase name="verifySbi" time="21.004" classname="TestNGTestCases.TC_12_Rediffmail"/>
  <testcase name="verifyRediff" time="27.310" classname="TestNGTestCases.TC_12_Rediffmail"/>
  <testcase name="verifyBankofIndia" time="20.069" classname="TestNGTestCases.TC_12_Rediffmail"/>
  <testcase name="verifyIcici" time="20.322" classname="TestNGTestCases.TC_12_Rediffmail"/>
</testsuite> <!-- TestNGTestCases.TC_12_Rediffmail -->
