<?xml version="1.0" encoding="UTF-8"?>
<!-- Generated by org.testng.reporters.JUnitReportReporter -->
<testsuite hostname="AnKusH" name="TestNGPractice.UseOfThread" tests="4" failures="0" timestamp="21 Jul 2019 05:28:36 GMT" time="0.030" errors="0">
  <testcase name="testCase4" time="0.000" classname="TestNGPractice.UseOfThread"/>
  <testcase name="testCase3" time="0.005" classname="TestNGPractice.UseOfThread"/>
  <testcase name="testCase1" time="0.015" classname="TestNGPractice.UseOfThread"/>
  <testcase name="testCase2" time="0.010" classname="TestNGPractice.UseOfThread"/>
</testsuite> <!-- TestNGPractice.UseOfThread -->
