<?xml version="1.0" encoding="UTF-8"?>
<!-- Generated by org.testng.reporters.JUnitReportReporter -->
<testsuite hostname="AnKusH" name="TestNGTestCases.TC_01_VerifyTitle" tests="1" failures="0" timestamp="7 Sep 2019 10:12:02 GMT" time="29.690" errors="0">
  <testcase name="verifyTitle" time="29.690" classname="TestNGTestCases.TC_01_VerifyTitle"/>
</testsuite> <!-- TestNGTestCases.TC_01_VerifyTitle -->
