<?xml version="1.0" encoding="UTF-8"?>
<!-- Generated by org.testng.reporters.JUnitReportReporter -->
<testsuite hostname="AnKusH" name="TestNGPractice.UseofMethods" tests="3" failures="0" timestamp="20 Jul 2019 12:13:34 GMT" time="12.908" errors="0">
  <testcase name="verifyOrangeHRM" time="5.084" classname="TestNGPractice.UseofMethods"/>
  <testcase name="verifySBI" time="3.510" classname="TestNGPractice.UseofMethods"/>
  <testcase name="verifyFacebook" time="4.314" classname="TestNGPractice.UseofMethods"/>
</testsuite> <!-- TestNGPractice.UseofMethods -->
