<?xml version="1.0" encoding="UTF-8"?>
<!-- Generated by org.testng.reporters.JUnitReportReporter -->
<testsuite hostname="AnKusH" name="TestNGTestCases.TC_11_VerifyBrowsers" tests="3" failures="0" timestamp="9 Sep 2019 10:03:27 GMT" time="15.476" errors="0">
  <testcase name="verifyGmail" time="7.349" classname="TestNGTestCases.TC_11_VerifyBrowsers"/>
  <testcase name="verifyFacebook" time="5.013" classname="TestNGTestCases.TC_11_VerifyBrowsers"/>
  <testcase name="verifyGoogle" time="3.114" classname="TestNGTestCases.TC_11_VerifyBrowsers"/>
</testsuite> <!-- TestNGTestCases.TC_11_VerifyBrowsers -->
