<?xml version="1.0" encoding="UTF-8"?>
<!-- Generated by org.testng.reporters.JUnitReportReporter -->
<testsuite hostname="AnKusH" name="TestNGTestCases.TC_14_ParallelTests2" tests="4" failures="0" timestamp="21 Dec 2019 10:05:36 GMT" time="0.032" errors="0">
  <testcase name="tc_08" time="0.004" classname="TestNGTestCases.TC_14_ParallelTests2"/>
  <testcase name="tc_06" time="0.008" classname="TestNGTestCases.TC_14_ParallelTests2"/>
  <testcase name="tc_05" time="0.016" classname="TestNGTestCases.TC_14_ParallelTests2"/>
  <testcase name="tc_07" time="0.004" classname="TestNGTestCases.TC_14_ParallelTests2"/>
</testsuite> <!-- TestNGTestCases.TC_14_ParallelTests2 -->
