<?xml version="1.0" encoding="UTF-8"?>
<!-- Generated by org.testng.reporters.JUnitReportReporter -->
<testsuite hostname="AnKusH" name="TestNGTestCases.TC_17_InvocationCount" tests="10" failures="0" timestamp="12 Sep 2019 11:27:11 GMT" time="139.853" errors="0">
  <testcase name="googleTest" time="16.223" classname="TestNGTestCases.TC_17_InvocationCount"/>
  <testcase name="googleTest" time="11.896" classname="TestNGTestCases.TC_17_InvocationCount"/>
  <testcase name="googleTest" time="16.284" classname="TestNGTestCases.TC_17_InvocationCount"/>
  <testcase name="googleTest" time="11.784" classname="TestNGTestCases.TC_17_InvocationCount"/>
  <testcase name="googleTest" time="11.278" classname="TestNGTestCases.TC_17_InvocationCount"/>
  <testcase name="googleTest" time="13.150" classname="TestNGTestCases.TC_17_InvocationCount"/>
  <testcase name="googleTest" time="16.342" classname="TestNGTestCases.TC_17_InvocationCount"/>
  <testcase name="googleTest" time="16.131" classname="TestNGTestCases.TC_17_InvocationCount"/>
  <testcase name="googleTest" time="13.999" classname="TestNGTestCases.TC_17_InvocationCount"/>
  <testcase name="googleTest" time="12.766" classname="TestNGTestCases.TC_17_InvocationCount"/>
</testsuite> <!-- TestNGTestCases.TC_17_InvocationCount -->
