<?xml version="1.0" encoding="UTF-8"?>
<!-- Generated by org.testng.reporters.JUnitReportReporter -->
<testsuite hostname="AnKusH" name="TestNGTestCases.GoogleTest" tests="2" failures="0" timestamp="21 Dec 2019 09:36:19 GMT" time="49.478" errors="0">
  <testcase name="googleTitleTest" time="29.141" classname="TestNGTestCases.GoogleTest"/>
  <testcase name="googleLogoTest" time="20.337" classname="TestNGTestCases.GoogleTest"/>
</testsuite> <!-- TestNGTestCases.GoogleTest -->
