<?xml version="1.0" encoding="UTF-8"?>
<!-- Generated by org.testng.reporters.JUnitReportReporter -->
<testsuite hostname="AnKusH" name="TestNGTestCases.TC_05_BeforeMethod" tests="2" failures="0" timestamp="10 Sep 2019 11:13:24 GMT" time="0.020" errors="0">
  <testcase name="click" time="0.012" classname="TestNGTestCases.TC_05_BeforeMethod"/>
  <testcase name="select" time="0.008" classname="TestNGTestCases.TC_05_BeforeMethod"/>
</testsuite> <!-- TestNGTestCases.TC_05_BeforeMethod -->
