<?xml version="1.0" encoding="UTF-8"?>
<!-- Generated by org.testng.reporters.JUnitReportReporter -->
<testsuite hostname="AnKusH" name="TestNGPractice.UseOfThread2" tests="4" failures="0" timestamp="21 Jul 2019 05:28:36 GMT" time="0.025" errors="0">
  <testcase name="testCase5" time="0.015" classname="TestNGPractice.UseOfThread2"/>
  <testcase name="testCase6" time="0.000" classname="TestNGPractice.UseOfThread2"/>
  <testcase name="testCase7" time="0.005" classname="TestNGPractice.UseOfThread2"/>
  <testcase name="testCase8" time="0.005" classname="TestNGPractice.UseOfThread2"/>
</testsuite> <!-- TestNGPractice.UseOfThread2 -->
