<?xml version="1.0" encoding="UTF-8"?>
<!-- Generated by org.testng.reporters.JUnitReportReporter -->
<testsuite hostname="AnKusH" name="TestNGPractice.TestUsingXML" tests="3" failures="0" timestamp="21 Dec 2019 10:00:31 GMT" time="27.725" errors="0">
  <testcase name="verifyFacebook" time="8.571" classname="TestNGPractice.TestUsingXML"/>
  <testcase name="verifyOrangeHRM" time="5.202" classname="TestNGPractice.TestUsingXML"/>
  <testcase name="verifySBI" time="13.952" classname="TestNGPractice.TestUsingXML"/>
</testsuite> <!-- TestNGPractice.TestUsingXML -->
