<?xml version="1.0" encoding="UTF-8"?>
<!-- Generated by org.testng.reporters.JUnitReportReporter -->
<testsuite hostname="AnKusH" name="TestNGPractice.HomepageTest" tests="3" failures="0" timestamp="21 Dec 2019 10:04:50 GMT" time="53.008" errors="0">
  <testcase name="verifyFacebook" time="19.142" classname="TestNGPractice.HomepageTest"/>
  <testcase name="verifySBI" time="17.387" classname="TestNGPractice.HomepageTest"/>
  <testcase name="verifyOrangeHRM" time="16.479" classname="TestNGPractice.HomepageTest"/>
</testsuite> <!-- TestNGPractice.HomepageTest -->
