<?xml version="1.0" encoding="UTF-8"?>
<!-- Generated by org.testng.reporters.JUnitReportReporter -->
<testsuite hostname="AnKusH" name="TestNGPractice.Methods" tests="3" failures="0" timestamp="20 Jul 2019 11:39:37 GMT" time="15.083" errors="0">
  <testcase name="verifySBI" time="2.259" classname="TestNGPractice.Methods"/>
  <testcase name="verifyOrangeHRM" time="4.785" classname="TestNGPractice.Methods"/>
  <testcase name="verifyFacebook" time="8.039" classname="TestNGPractice.Methods"/>
</testsuite> <!-- TestNGPractice.Methods -->
