<?xml version="1.0" encoding="UTF-8"?>
<!-- Generated by org.testng.reporters.JUnitReportReporter -->
<testsuite hostname="AnKusH" name="com.wordpress.TestCases.VerifyLogin" tests="1" failures="0" timestamp="30 May 2019 12:27:59 GMT" time="14.014" errors="0">
  <testcase name="verifyValidLogin" time="14.014" classname="com.wordpress.TestCases.VerifyLogin"/>
</testsuite> <!-- com.wordpress.TestCases.VerifyLogin -->
